<?xml version="1.0" encoding="UTF-8"?>
<!-- Generated by org.testng.reporters.JUnitXMLReporter -->
<testsuite hostname="DESKTOP-MGFNL1P" ignored="0" name="bing Test" tests="1" failures="1" timestamp="10 Aug 2023 05:09:15 GMT" time="93.902" errors="0">
  <testcase name="loginBingTest" time="93.886" classname="a2_bingTest.A1_Samplebing">
    <failure type="java.io.FileNotFoundException" message="C:\Users\LENOVO\batch260\GitTest\screenshot\bing.png (The system cannot find the path specified)">
      <![CDATA[java.io.FileNotFoundException: C:\Users\LENOVO\batch260\GitTest\screenshot\bing.png (The system cannot find the path specified)at java.io.FileOutputStream.open0(Native Method)at java.io.FileOutputStream.open(Unknown Source)at java.io.FileOutputStream.<init>(Unknown Source)at java.io.FileOutputStream.<init>(Unknown Source)at org.openqa.selenium.io.FileHandler.copyFile(FileHandler.java:136)at org.openqa.selenium.io.FileHandler.copy(FileHandler.java:115)at a2_bingTest.A1_Samplebing.loginBingTest(A1_Samplebing.java:39)... Removed 26 stack frames]]>
    </failure>
  </testcase> <!-- loginBingTest -->
</testsuite> <!-- bing Test -->
